0 info it worked if it ends with ok
1 verbose cli [ '/opt/local/bin/node', '/opt/local/bin/npm', 'install' ]
2 info using npm@2.15.3
3 info using node@v4.4.3
4 verbose readDependencies loading dependencies from /Users/flisshou/Desktop/nodeaddon/package.json
5 warn package.json nodeaddon@1.0.0 No repository field.
6 verbose install where, deps [ '/Users/flisshou/Desktop/nodeaddon', [ 'bindings' ] ]
7 verbose install where, peers [ '/Users/flisshou/Desktop/nodeaddon', [] ]
8 verbose installManyTop reading for lifecycle /Users/flisshou/Desktop/nodeaddon/package.json
9 info preinstall nodeaddon@1.0.0
10 verbose installManyTop reading scoped package data from /Users/flisshou/Desktop/nodeaddon/node_modules/bindings/package.json
11 verbose installManyTop reading scoped package data from /Users/flisshou/Desktop/nodeaddon/node_modules/nan/package.json
12 verbose readDependencies loading dependencies from /Users/flisshou/Desktop/nodeaddon/package.json
13 verbose targetResolver reading package data from /Users/flisshou/Desktop/nodeaddon/node_modules/bindings/package.json
14 verbose targetResolver reading package data from /Users/flisshou/Desktop/nodeaddon/node_modules/nan/package.json
15 verbose already installed skipping bindings@~1.2.1 /Users/flisshou/Desktop/nodeaddon
16 silly install resolved []
17 info build /Users/flisshou/Desktop/nodeaddon
18 info linkStuff nodeaddon@1.0.0
19 silly linkStuff nodeaddon@1.0.0 has /Users/flisshou/Desktop as its parent node_modules
20 verbose linkBins nodeaddon@1.0.0
21 verbose linkMans nodeaddon@1.0.0
22 verbose rebuildBundles nodeaddon@1.0.0
23 verbose rebuildBundles [ 'bindings', 'nan' ]
24 verbose rebuild bundle /Users/flisshou/Desktop/nodeaddon/node_modules/nan
25 info build /Users/flisshou/Desktop/nodeaddon/node_modules/nan
26 info preinstall nan@2.4.0
27 info linkStuff nan@2.4.0
28 silly linkStuff nan@2.4.0 has /Users/flisshou/Desktop/nodeaddon/node_modules as its parent node_modules
29 verbose linkBins nan@2.4.0
30 verbose linkMans nan@2.4.0
31 verbose rebuildBundles nan@2.4.0
32 info install nan@2.4.0
33 info postinstall nan@2.4.0
34 info install nodeaddon@1.0.0
35 verbose unsafe-perm in lifecycle true
36 info nodeaddon@1.0.0 Failed to exec install script
37 verbose stack Error: nodeaddon@1.0.0 install: `node-gyp rebuild`
37 verbose stack Exit status 1
37 verbose stack     at EventEmitter.<anonymous> (/opt/local/lib/node_modules/npm/lib/utils/lifecycle.js:217:16)
37 verbose stack     at emitTwo (events.js:87:13)
37 verbose stack     at EventEmitter.emit (events.js:172:7)
37 verbose stack     at ChildProcess.<anonymous> (/opt/local/lib/node_modules/npm/lib/utils/spawn.js:24:14)
37 verbose stack     at emitTwo (events.js:87:13)
37 verbose stack     at ChildProcess.emit (events.js:172:7)
37 verbose stack     at maybeClose (internal/child_process.js:827:16)
37 verbose stack     at Process.ChildProcess._handle.onexit (internal/child_process.js:211:5)
38 verbose pkgid nodeaddon@1.0.0
39 verbose cwd /Users/flisshou/Desktop/nodeaddon
40 error Darwin 14.5.0
41 error argv "/opt/local/bin/node" "/opt/local/bin/npm" "install"
42 error node v4.4.3
43 error npm  v2.15.3
44 error code ELIFECYCLE
45 error nodeaddon@1.0.0 install: `node-gyp rebuild`
45 error Exit status 1
46 error Failed at the nodeaddon@1.0.0 install script 'node-gyp rebuild'.
46 error This is most likely a problem with the nodeaddon package,
46 error not with npm itself.
46 error Tell the author that this fails on your system:
46 error     node-gyp rebuild
46 error You can get information on how to open an issue for this project with:
46 error     npm bugs nodeaddon
46 error Or if that isn't available, you can get their info via:
46 error
46 error     npm owner ls nodeaddon
46 error There is likely additional logging output above.
47 verbose exit [ 1, true ]
